<?xml version="1.0" encoding="UTF-8"?>
<!-- Generated by org.testng.reporters.JUnitXMLReporter -->
<testsuite hostname="Mds-MacBook-Air.local" ignored="0" name="Team_Titan" tests="4" failures="0" timestamp="2020-09-26T00:13:05 EDT" time="91.436" errors="0">
  <testcase name="feature" time="17.733" classname="com.internet.runner.TestRunner"/>
  <testcase name="feature" time="25.38" classname="com.internet.runner.TestRunner"/>
  <testcase name="feature" time="24.349" classname="com.internet.runner.TestRunner"/>
  <testcase name="feature" time="22.887" classname="com.internet.runner.TestRunner"/>
</testsuite> <!-- Team_Titan -->
