-------------------------------------------------------------------------------
Test set: TestSuite
-------------------------------------------------------------------------------
Tests run: 7, Failures: 1, Errors: 0, Skipped: 0, Time elapsed: 119.457 sec <<< FAILURE!
feature(com.internet.runner.TestRunner)  Time elapsed: 7.712 sec  <<< FAILURE!
cucumber.runtime.CucumberException: java.lang.NullPointerException
	at com.internet.stepdef.DragNDropStepDef.user_clicks_on_drag_drop(DragNDropStepDef.java:20)
	at ✽.When user clicks on drag & drop(DragNDrop.feature:7)

