-------------------------------------------------------------------------------
Test set: TestSuite
-------------------------------------------------------------------------------
Tests run: 2, Failures: 1, Errors: 0, Skipped: 0, Time elapsed: 1.476 sec <<< FAILURE!
writeExtentReport(com.internet.runner.TestRunner)  Time elapsed: 0.081 sec  <<< FAILURE!
java.lang.NoSuchMethodError: com.aventstack.extentreports.reporter.ExtentHtmlReporter.loadXMLConfig(Ljava/io/File;)V
	at com.cucumber.listener.Reporter.loadXMLConfig(Reporter.java:66)
	at com.internet.runner.TestRunner.writeExtentReport(TestRunner.java:47)

