<?xml version="1.0" encoding="UTF-8"?>
<testng-results skipped="0" failed="1" ignored="0" total="5" passed="4">
  <reporter-output>
  </reporter-output>
  <suite name="Titan_Test" duration-ms="94679" started-at="2020-09-26T09:38:24 EDT" finished-at="2020-09-26T09:39:59 EDT">
    <groups>
      <group name="cucumber">
        <method signature="TestRunner.feature(cucumber.api.testng.CucumberFeatureWrapper)[pri:0, instance:com.internet.runner.TestRunner@5f341870]" name="feature" class="com.internet.runner.TestRunner"/>
      </group> <!-- cucumber -->
    </groups>
    <test name="Team_Titan" duration-ms="94679" started-at="2020-09-26T09:38:24 EDT" finished-at="2020-09-26T09:39:59 EDT">
      <class name="com.internet.runner.TestRunner">
        <test-method status="PASS" signature="setUpClass()[pri:0, instance:com.internet.runner.TestRunner@5f341870]" name="setUpClass" is-config="true" duration-ms="411" started-at="2020-09-26T09:38:24 EDT" finished-at="2020-09-26T09:38:25 EDT">
          <reporter-output>
          </reporter-output>
        </test-method> <!-- setUpClass -->
        <test-method status="FAIL" signature="feature(cucumber.api.testng.CucumberFeatureWrapper)[pri:0, instance:com.internet.runner.TestRunner@5f341870]" name="feature" duration-ms="9669" started-at="2020-09-26T09:38:25 EDT" description="Runs Cucumber Feature" data-provider="features" finished-at="2020-09-26T09:38:34 EDT">
          <params>
            <param index="0">
              <value>
                <![CDATA[User can drag and drop]]>
              </value>
            </param>
          </params>
          <exception class="cucumber.runtime.CucumberException">
            <message>
              <![CDATA[java.lang.NullPointerException]]>
            </message>
            <full-stacktrace>
              <![CDATA[cucumber.runtime.CucumberException: java.lang.NullPointerException
at cucumber.api.testng.TestNGCucumberRunner.runCucumber(TestNGCucumberRunner.java:69)
at com.internet.runner.TestRunner.feature(TestRunner.java:41)
at sun.reflect.NativeMethodAccessorImpl.invoke0(Native Method)
at sun.reflect.NativeMethodAccessorImpl.invoke(NativeMethodAccessorImpl.java:62)
at sun.reflect.DelegatingMethodAccessorImpl.invoke(DelegatingMethodAccessorImpl.java:43)
at java.lang.reflect.Method.invoke(Method.java:498)
at org.testng.internal.MethodInvocationHelper.invokeMethod(MethodInvocationHelper.java:133)
at org.testng.internal.TestInvoker.invokeMethod(TestInvoker.java:584)
at org.testng.internal.TestInvoker.invokeTestMethod(TestInvoker.java:172)
at org.testng.internal.MethodRunner.runInSequence(MethodRunner.java:46)
at org.testng.internal.TestInvoker$MethodInvocationAgent.invoke(TestInvoker.java:804)
at org.testng.internal.TestInvoker.invokeTestMethods(TestInvoker.java:145)
at org.testng.internal.TestMethodWorker.invokeTestMethods(TestMethodWorker.java:146)
at org.testng.internal.TestMethodWorker.run(TestMethodWorker.java:128)
at java.util.ArrayList.forEach(ArrayList.java:1257)
at org.testng.TestRunner.privateRun(TestRunner.java:770)
at org.testng.TestRunner.run(TestRunner.java:591)
at org.testng.SuiteRunner.runTest(SuiteRunner.java:402)
at org.testng.SuiteRunner.access$000(SuiteRunner.java:41)
at org.testng.SuiteRunner$SuiteWorker.run(SuiteRunner.java:443)
at org.testng.internal.thread.ThreadUtil.lambda$execute$0(ThreadUtil.java:67)
at java.util.concurrent.FutureTask.run(FutureTask.java:266)
at java.util.concurrent.ThreadPoolExecutor.runWorker(ThreadPoolExecutor.java:1149)
at java.util.concurrent.ThreadPoolExecutor$Worker.run(ThreadPoolExecutor.java:624)
at java.lang.Thread.run(Thread.java:748)
Caused by: java.lang.NullPointerException
at com.internet.stepdef.DragNDropStepDef.user_clicks_on_Drag_and_Drop(DragNDropStepDef.java:21)
at ✽.Then user clicks on Drag and Drop(DragNDrop.feature:8)
]]>
            </full-stacktrace>
          </exception> <!-- cucumber.runtime.CucumberException -->
          <reporter-output>
          </reporter-output>
        </test-method> <!-- feature -->
        <test-method status="PASS" signature="feature(cucumber.api.testng.CucumberFeatureWrapper)[pri:0, instance:com.internet.runner.TestRunner@5f341870]" name="feature" duration-ms="13895" started-at="2020-09-26T09:38:34 EDT" description="Runs Cucumber Feature" data-provider="features" finished-at="2020-09-26T09:38:48 EDT">
          <params>
            <param index="0">
              <value>
                <![CDATA[Fil upload]]>
              </value>
            </param>
          </params>
          <reporter-output>
          </reporter-output>
        </test-method> <!-- feature -->
        <test-method status="PASS" signature="feature(cucumber.api.testng.CucumberFeatureWrapper)[pri:0, instance:com.internet.runner.TestRunner@5f341870]" name="feature" duration-ms="24359" started-at="2020-09-26T09:38:48 EDT" description="Runs Cucumber Feature" data-provider="features" finished-at="2020-09-26T09:39:13 EDT">
          <params>
            <param index="0">
              <value>
                <![CDATA[User write in the Iframe text box]]>
              </value>
            </param>
          </params>
          <reporter-output>
          </reporter-output>
        </test-method> <!-- feature -->
        <test-method status="PASS" signature="feature(cucumber.api.testng.CucumberFeatureWrapper)[pri:0, instance:com.internet.runner.TestRunner@5f341870]" name="feature" duration-ms="24160" started-at="2020-09-26T09:39:13 EDT" description="Runs Cucumber Feature" data-provider="features" finished-at="2020-09-26T09:39:37 EDT">
          <params>
            <param index="0">
              <value>
                <![CDATA[JavaScript Alert Handling]]>
              </value>
            </param>
          </params>
          <reporter-output>
          </reporter-output>
        </test-method> <!-- feature -->
        <test-method status="PASS" signature="feature(cucumber.api.testng.CucumberFeatureWrapper)[pri:0, instance:com.internet.runner.TestRunner@5f341870]" name="feature" duration-ms="21566" started-at="2020-09-26T09:39:37 EDT" description="Runs Cucumber Feature" data-provider="features" finished-at="2020-09-26T09:39:58 EDT">
          <params>
            <param index="0">
              <value>
                <![CDATA[Multiple Windows]]>
              </value>
            </param>
          </params>
          <reporter-output>
          </reporter-output>
        </test-method> <!-- feature -->
        <test-method status="PASS" signature="tearDownClass()[pri:0, instance:com.internet.runner.TestRunner@5f341870]" name="tearDownClass" is-config="true" duration-ms="24" started-at="2020-09-26T09:39:58 EDT" finished-at="2020-09-26T09:39:59 EDT">
          <reporter-output>
          </reporter-output>
        </test-method> <!-- tearDownClass -->
      </class> <!-- com.internet.runner.TestRunner -->
    </test> <!-- Team_Titan -->
  </suite> <!-- Titan_Test -->
</testng-results>
