-------------------------------------------------------------------------------
Test set: TestSuite
-------------------------------------------------------------------------------
Tests run: 5, Failures: 1, Errors: 0, Skipped: 0, Time elapsed: 95.619 sec <<< FAILURE!
feature(com.internet.runner.TestRunner)  Time elapsed: 9.688 sec  <<< FAILURE!
cucumber.runtime.CucumberException: java.lang.NullPointerException
	at com.internet.stepdef.DragNDropStepDef.user_clicks_on_Drag_and_Drop(DragNDropStepDef.java:21)
	at âœ½.Then user clicks on Drag and Drop(DragNDrop.feature:8)

