<?xml version="1.0" encoding="UTF-8"?>
<!-- Generated by org.testng.reporters.JUnitXMLReporter -->
<testsuite hostname="Mds-MacBook-Air.local" ignored="0" name="Team_Titan" tests="1" failures="0" timestamp="2020-09-22T22:36:41 EDT" time="0.692" errors="0">
  <testcase name="@AfterClass writeExtentReport" time="0.011" classname="com.internet.runner.TestRunner">
    <failure type="java.lang.NoSuchMethodError" message="com.aventstack.extentreports.reporter.ExtentHtmlReporter.loadXMLConfig(Ljava/io/File;)V">
      <![CDATA[java.lang.NoSuchMethodError: com.aventstack.extentreports.reporter.ExtentHtmlReporter.loadXMLConfig(Ljava/io/File;)V
at com.cucumber.listener.Reporter.loadXMLConfig(Reporter.java:66)
at com.internet.runner.TestRunner.writeExtentReport(TestRunner.java:47)
at java.util.ArrayList.forEach(ArrayList.java:1257)
... Removed 34 stack frames]]>
    </failure>
  </testcase> <!-- @AfterClass writeExtentReport -->
  <testcase name="feature" time="0.052" classname="cucumber.api.testng.AbstractTestNGCucumberTests"/>
</testsuite> <!-- Team_Titan -->
